<?xml version="1.0" encoding="UTF-8"?>
<testng-results skipped="0" failed="0" total="1" passed="1">
  <reporter-output>
  </reporter-output>
  <suite name="Suite" duration-ms="46" started-at="2018-06-03T03:12:06Z" finished-at="2018-06-03T03:12:06Z">
    <groups>
    </groups>
    <test name="Test" duration-ms="46" started-at="2018-06-03T03:12:06Z" finished-at="2018-06-03T03:12:06Z">
      <class name="com.keeley.LessonFive.mvnTestNg">
        <test-method status="PASS" signature="testHello()[pri:0, instance:com.keeley.LessonFive.mvnTestNg@6093dd95]" name="testHello" duration-ms="15" started-at="2018-06-03T11:12:06Z" finished-at="2018-06-03T11:12:06Z">
          <reporter-output>
          </reporter-output>
        </test-method> <!-- testHello -->
      </class> <!-- com.keeley.LessonFive.mvnTestNg -->
    </test> <!-- Test -->
  </suite> <!-- Suite -->
</testng-results>
